Arguments: 
  /Users/johnschoeman/.asdf/installs/nodejs/13.6.0/bin/node /usr/local/Cellar/yarn/1.21.1/libexec/bin/yarn.js add -D @dillonkearns/graphql

PATH: 
  .git/safe/../../bin:/Users/johnschoeman/.asdf/shims:/Users/johnschoeman/.asdf/bin:/Users/johnschoeman/.bin:/usr/local/sbin:/usr/local/bin:/usr/bin:/bin:/usr/sbin:/sbin:/usr/local/MacGPG2/bin:/Users/johnschoeman/Library/Android/sdk/tools:/Users/johnschoeman/Library/Android/sdk/tools/bin:/Users/johnschoeman/Library/Android/sdk/platform-tools:/Users/johnschoeman/Library/Android/sdk/emulator

Yarn version: 
  1.21.1

Node version: 
  13.6.0

Platform: 
  darwin x64

Trace: 
  Error: https://registry.yarnpkg.com/@dillonkearns%2fgraphql: Not found
      at Request.params.callback [as _callback] (/usr/local/Cellar/yarn/1.21.1/libexec/lib/cli.js:66947:18)
      at Request.self.callback (/usr/local/Cellar/yarn/1.21.1/libexec/lib/cli.js:140665:22)
      at Request.emit (events.js:321:20)
      at Request.<anonymous> (/usr/local/Cellar/yarn/1.21.1/libexec/lib/cli.js:141637:10)
      at Request.emit (events.js:321:20)
      at IncomingMessage.<anonymous> (/usr/local/Cellar/yarn/1.21.1/libexec/lib/cli.js:141559:12)
      at Object.onceWrapper (events.js:427:28)
      at IncomingMessage.emit (events.js:333:22)
      at endReadableNT (_stream_readable.js:1220:12)
      at processTicksAndRejections (internal/process/task_queues.js:84:21)

npm manifest: 
  {
    "name": "outsixer",
    "version": "1.0.0",
    "description": "This project is bootstrapped with [Create Elm App](https://github.com/halfzebra/create-elm-app).",
    "main": "index.js",
    "directories": {
      "test": "tests"
    },
    "scripts": {
      "test": "echo \"Error: no test specified\" && exit 1",
      "generate-types": "elm-graphql https://outsixer.herokuapp.com/"
    },
    "author": "",
    "license": "ISC"
  }

yarn manifest: 
  No manifest

Lockfile: 
  # THIS IS AN AUTOGENERATED FILE. DO NOT EDIT THIS FILE DIRECTLY.
  # yarn lockfile v1
